The system is: Linux - 5.17.1-3-MANJARO - x86_64
Compiling the C compiler identification source file "CMakeCCompilerId.c" succeeded.
Compiler: /usr/sbin/cc 
Build flags: 
Id flags:  

The output was:
0


Compilation of the C compiler identification source "CMakeCCompilerId.c" produced "a.out"

The C compiler identification is GNU, found in "/home/user/shared_data/geant4ScintSim/sim/CMakeFiles/3.22.1/CompilerIdC/a.out"

Compiling the CXX compiler identification source file "CMakeCXXCompilerId.cpp" succeeded.
Compiler: /usr/sbin/c++ 
Build flags: 
Id flags:  

The output was:
0


Compilation of the CXX compiler identification source "CMakeCXXCompilerId.cpp" produced "a.out"

The CXX compiler identification is GNU, found in "/home/user/shared_data/geant4ScintSim/sim/CMakeFiles/3.22.1/CompilerIdCXX/a.out"

Detecting C compiler ABI info compiled with the following output:
Change Dir: /home/user/shared_data/geant4ScintSim/sim/CMakeFiles/CMakeTmp

Run Build Command(s):/usr/sbin/make -f Makefile cmTC_a17ef/fast && /usr/sbin/make  -f CMakeFiles/cmTC_a17ef.dir/build.make CMakeFiles/cmTC_a17ef.dir/build
make[1]: Entering directory '/home/user/shared_data/geant4ScintSim/sim/CMakeFiles/CMakeTmp'
Building C object CMakeFiles/cmTC_a17ef.dir/CMakeCCompilerABI.c.o
/usr/sbin/cc   -v -o CMakeFiles/cmTC_a17ef.dir/CMakeCCompilerABI.c.o -c /usr/share/cmake/Modules/CMakeCCompilerABI.c
Using built-in specs.
COLLECT_GCC=/usr/sbin/cc
Target: x86_64-pc-linux-gnu
Configured with: /build/gcc/src/gcc/configure --prefix=/usr --libdir=/usr/lib --libexecdir=/usr/lib --mandir=/usr/share/man --infodir=/usr/share/info --with-bugurl=https://bugs.archlinux.org/ --enable-languages=c,c++,ada,fortran,go,lto,objc,obj-c++,d --with-isl --with-linker-hash-style=gnu --with-system-zlib --enable-__cxa_atexit --enable-cet=auto --enable-checking=release --enable-clocale=gnu --enable-default-pie --enable-default-ssp --enable-gnu-indirect-function --enable-gnu-unique-object --enable-install-libiberty --enable-linker-build-id --enable-lto --enable-multilib --enable-plugin --enable-shared --enable-threads=posix --disable-libssp --disable-libstdcxx-pch --disable-libunwind-exceptions --disable-werror gdc_include_dir=/usr/include/dlang/gdc
Thread model: posix
Supported LTO compression algorithms: zlib zstd
gcc version 11.1.0 (GCC) 
COLLECT_GCC_OPTIONS='-v' '-o' 'CMakeFiles/cmTC_a17ef.dir/CMakeCCompilerABI.c.o' '-c' '-mtune=generic' '-march=x86-64' '-dumpdir' 'CMakeFiles/cmTC_a17ef.dir/'
 /usr/lib/gcc/x86_64-pc-linux-gnu/11.1.0/cc1 -quiet -v /usr/share/cmake/Modules/CMakeCCompilerABI.c -quiet -dumpdir CMakeFiles/cmTC_a17ef.dir/ -dumpbase CMakeCCompilerABI.c.c -dumpbase-ext .c -mtune=generic -march=x86-64 -version -o /tmp/ccvnN8T2.s
GNU C17 (GCC) version 11.1.0 (x86_64-pc-linux-gnu)
	compiled by GNU C version 11.1.0, GMP version 6.2.1, MPFR version 4.1.0-p13, MPC version 1.2.1, isl version isl-0.24-GMP

GGC heuristics: --param ggc-min-expand=100 --param ggc-min-heapsize=131072
ignoring nonexistent directory "/usr/lib/gcc/x86_64-pc-linux-gnu/11.1.0/../../../../x86_64-pc-linux-gnu/include"
#include "..." search starts here:
#include <...> search starts here:
 /usr/lib/gcc/x86_64-pc-linux-gnu/11.1.0/include
 /usr/local/include
 /usr/lib/gcc/x86_64-pc-linux-gnu/11.1.0/include-fixed
 /usr/include
End of search list.
GNU C17 (GCC) version 11.1.0 (x86_64-pc-linux-gnu)
	compiled by GNU C version 11.1.0, GMP version 6.2.1, MPFR version 4.1.0-p13, MPC version 1.2.1, isl version isl-0.24-GMP

GGC heuristics: --param ggc-min-expand=100 --param ggc-min-heapsize=131072
Compiler executable checksum: ec1bc319e19ef4dd2d241e66d95d4739
COLLECT_GCC_OPTIONS='-v' '-o' 'CMakeFiles/cmTC_a17ef.dir/CMakeCCompilerABI.c.o' '-c' '-mtune=generic' '-march=x86-64' '-dumpdir' 'CMakeFiles/cmTC_a17ef.dir/'
 as -v --64 -o CMakeFiles/cmTC_a17ef.dir/CMakeCCompilerABI.c.o /tmp/ccvnN8T2.s
GNU assembler version 2.36.1 (x86_64-pc-linux-gnu) using BFD version (GNU Binutils) 2.36.1
COMPILER_PATH=/usr/lib/gcc/x86_64-pc-linux-gnu/11.1.0/:/usr/lib/gcc/x86_64-pc-linux-gnu/11.1.0/:/usr/lib/gcc/x86_64-pc-linux-gnu/:/usr/lib/gcc/x86_64-pc-linux-gnu/11.1.0/:/usr/lib/gcc/x86_64-pc-linux-gnu/
LIBRARY_PATH=/usr/lib/gcc/x86_64-pc-linux-gnu/11.1.0/:/usr/lib/gcc/x86_64-pc-linux-gnu/11.1.0/../../../../lib/:/lib/../lib/:/usr/lib/../lib/:/usr/lib/gcc/x86_64-pc-linux-gnu/11.1.0/../../../:/lib/:/usr/lib/
COLLECT_GCC_OPTIONS='-v' '-o' 'CMakeFiles/cmTC_a17ef.dir/CMakeCCompilerABI.c.o' '-c' '-mtune=generic' '-march=x86-64' '-dumpdir' 'CMakeFiles/cmTC_a17ef.dir/CMakeCCompilerABI.c.'
Linking C executable cmTC_a17ef
/usr/bin/cmake -E cmake_link_script CMakeFiles/cmTC_a17ef.dir/link.txt --verbose=1
/usr/sbin/cc  -v CMakeFiles/cmTC_a17ef.dir/CMakeCCompilerABI.c.o -o cmTC_a17ef 
Using built-in specs.
COLLECT_GCC=/usr/sbin/cc
COLLECT_LTO_WRAPPER=/usr/lib/gcc/x86_64-pc-linux-gnu/11.1.0/lto-wrapper
Target: x86_64-pc-linux-gnu
Configured with: /build/gcc/src/gcc/configure --prefix=/usr --libdir=/usr/lib --libexecdir=/usr/lib --mandir=/usr/share/man --infodir=/usr/share/info --with-bugurl=https://bugs.archlinux.org/ --enable-languages=c,c++,ada,fortran,go,lto,objc,obj-c++,d --with-isl --with-linker-hash-style=gnu --with-system-zlib --enable-__cxa_atexit --enable-cet=auto --enable-checking=release --enable-clocale=gnu --enable-default-pie --enable-default-ssp --enable-gnu-indirect-function --enable-gnu-unique-object --enable-install-libiberty --enable-linker-build-id --enable-lto --enable-multilib --enable-plugin --enable-shared --enable-threads=posix --disable-libssp --disable-libstdcxx-pch --disable-libunwind-exceptions --disable-werror gdc_include_dir=/usr/include/dlang/gdc
Thread model: posix
Supported LTO compression algorithms: zlib zstd
gcc version 11.1.0 (GCC) 
COMPILER_PATH=/usr/lib/gcc/x86_64-pc-linux-gnu/11.1.0/:/usr/lib/gcc/x86_64-pc-linux-gnu/11.1.0/:/usr/lib/gcc/x86_64-pc-linux-gnu/:/usr/lib/gcc/x86_64-pc-linux-gnu/11.1.0/:/usr/lib/gcc/x86_64-pc-linux-gnu/
LIBRARY_PATH=/usr/lib/gcc/x86_64-pc-linux-gnu/11.1.0/:/usr/lib/gcc/x86_64-pc-linux-gnu/11.1.0/../../../../lib/:/lib/../lib/:/usr/lib/../lib/:/usr/lib/gcc/x86_64-pc-linux-gnu/11.1.0/../../../:/lib/:/usr/lib/
COLLECT_GCC_OPTIONS='-v' '-o' 'cmTC_a17ef' '-mtune=generic' '-march=x86-64' '-dumpdir' 'cmTC_a17ef.'
 /usr/lib/gcc/x86_64-pc-linux-gnu/11.1.0/collect2 -plugin /usr/lib/gcc/x86_64-pc-linux-gnu/11.1.0/liblto_plugin.so -plugin-opt=/usr/lib/gcc/x86_64-pc-linux-gnu/11.1.0/lto-wrapper -plugin-opt=-fresolution=/tmp/ccMdWzk3.res -plugin-opt=-pass-through=-lgcc -plugin-opt=-pass-through=-lgcc_s -plugin-opt=-pass-through=-lc -plugin-opt=-pass-through=-lgcc -plugin-opt=-pass-through=-lgcc_s --build-id --eh-frame-hdr --hash-style=gnu -m elf_x86_64 -dynamic-linker /lib64/ld-linux-x86-64.so.2 -pie -o cmTC_a17ef /usr/lib/gcc/x86_64-pc-linux-gnu/11.1.0/../../../../lib/Scrt1.o /usr/lib/gcc/x86_64-pc-linux-gnu/11.1.0/../../../../lib/crti.o /usr/lib/gcc/x86_64-pc-linux-gnu/11.1.0/crtbeginS.o -L/usr/lib/gcc/x86_64-pc-linux-gnu/11.1.0 -L/usr/lib/gcc/x86_64-pc-linux-gnu/11.1.0/../../../../lib -L/lib/../lib -L/usr/lib/../lib -L/usr/lib/gcc/x86_64-pc-linux-gnu/11.1.0/../../.. CMakeFiles/cmTC_a17ef.dir/CMakeCCompilerABI.c.o -lgcc --push-state --as-needed -lgcc_s --pop-state -lc -lgcc --push-state --as-needed -lgcc_s --pop-state /usr/lib/gcc/x86_64-pc-linux-gnu/11.1.0/crtendS.o /usr/lib/gcc/x86_64-pc-linux-gnu/11.1.0/../../../../lib/crtn.o
COLLECT_GCC_OPTIONS='-v' '-o' 'cmTC_a17ef' '-mtune=generic' '-march=x86-64' '-dumpdir' 'cmTC_a17ef.'
make[1]: Leaving directory '/home/user/shared_data/geant4ScintSim/sim/CMakeFiles/CMakeTmp'



Parsed C implicit include dir info from above output: rv=done
  found start of include info
  found start of implicit include info
    add: [/usr/lib/gcc/x86_64-pc-linux-gnu/11.1.0/include]
    add: [/usr/local/include]
    add: [/usr/lib/gcc/x86_64-pc-linux-gnu/11.1.0/include-fixed]
    add: [/usr/include]
  end of search list found
  collapse include dir [/usr/lib/gcc/x86_64-pc-linux-gnu/11.1.0/include] ==> [/usr/lib/gcc/x86_64-pc-linux-gnu/11.1.0/include]
  collapse include dir [/usr/local/include] ==> [/usr/local/include]
  collapse include dir [/usr/lib/gcc/x86_64-pc-linux-gnu/11.1.0/include-fixed] ==> [/usr/lib/gcc/x86_64-pc-linux-gnu/11.1.0/include-fixed]
  collapse include dir [/usr/include] ==> [/usr/include]
  implicit include dirs: [/usr/lib/gcc/x86_64-pc-linux-gnu/11.1.0/include;/usr/local/include;/usr/lib/gcc/x86_64-pc-linux-gnu/11.1.0/include-fixed;/usr/include]


Parsed C implicit link information from above output:
  link line regex: [^( *|.*[/\])(ld|CMAKE_LINK_STARTFILE-NOTFOUND|([^/\]+-)?ld|collect2)[^/\]*( |$)]
  ignore line: [Change Dir: /home/user/shared_data/geant4ScintSim/sim/CMakeFiles/CMakeTmp]
  ignore line: []
  ignore line: [Run Build Command(s):/usr/sbin/make -f Makefile cmTC_a17ef/fast && /usr/sbin/make  -f CMakeFiles/cmTC_a17ef.dir/build.make CMakeFiles/cmTC_a17ef.dir/build]
  ignore line: [make[1]: Entering directory '/home/user/shared_data/geant4ScintSim/sim/CMakeFiles/CMakeTmp']
  ignore line: [Building C object CMakeFiles/cmTC_a17ef.dir/CMakeCCompilerABI.c.o]
  ignore line: [/usr/sbin/cc   -v -o CMakeFiles/cmTC_a17ef.dir/CMakeCCompilerABI.c.o -c /usr/share/cmake/Modules/CMakeCCompilerABI.c]
  ignore line: [Using built-in specs.]
  ignore line: [COLLECT_GCC=/usr/sbin/cc]
  ignore line: [Target: x86_64-pc-linux-gnu]
  ignore line: [Configured with: /build/gcc/src/gcc/configure --prefix=/usr --libdir=/usr/lib --libexecdir=/usr/lib --mandir=/usr/share/man --infodir=/usr/share/info --with-bugurl=https://bugs.archlinux.org/ --enable-languages=c c++ ada fortran go lto objc obj-c++ d --with-isl --with-linker-hash-style=gnu --with-system-zlib --enable-__cxa_atexit --enable-cet=auto --enable-checking=release --enable-clocale=gnu --enable-default-pie --enable-default-ssp --enable-gnu-indirect-function --enable-gnu-unique-object --enable-install-libiberty --enable-linker-build-id --enable-lto --enable-multilib --enable-plugin --enable-shared --enable-threads=posix --disable-libssp --disable-libstdcxx-pch --disable-libunwind-exceptions --disable-werror gdc_include_dir=/usr/include/dlang/gdc]
  ignore line: [Thread model: posix]
  ignore line: [Supported LTO compression algorithms: zlib zstd]
  ignore line: [gcc version 11.1.0 (GCC) ]
  ignore line: [COLLECT_GCC_OPTIONS='-v' '-o' 'CMakeFiles/cmTC_a17ef.dir/CMakeCCompilerABI.c.o' '-c' '-mtune=generic' '-march=x86-64' '-dumpdir' 'CMakeFiles/cmTC_a17ef.dir/']
  ignore line: [ /usr/lib/gcc/x86_64-pc-linux-gnu/11.1.0/cc1 -quiet -v /usr/share/cmake/Modules/CMakeCCompilerABI.c -quiet -dumpdir CMakeFiles/cmTC_a17ef.dir/ -dumpbase CMakeCCompilerABI.c.c -dumpbase-ext .c -mtune=generic -march=x86-64 -version -o /tmp/ccvnN8T2.s]
  ignore line: [GNU C17 (GCC) version 11.1.0 (x86_64-pc-linux-gnu)]
  ignore line: [	compiled by GNU C version 11.1.0  GMP version 6.2.1  MPFR version 4.1.0-p13  MPC version 1.2.1  isl version isl-0.24-GMP]
  ignore line: []
  ignore line: [GGC heuristics: --param ggc-min-expand=100 --param ggc-min-heapsize=131072]
  ignore line: [ignoring nonexistent directory "/usr/lib/gcc/x86_64-pc-linux-gnu/11.1.0/../../../../x86_64-pc-linux-gnu/include"]
  ignore line: [#include "..." search starts here:]
  ignore line: [#include <...> search starts here:]
  ignore line: [ /usr/lib/gcc/x86_64-pc-linux-gnu/11.1.0/include]
  ignore line: [ /usr/local/include]
  ignore line: [ /usr/lib/gcc/x86_64-pc-linux-gnu/11.1.0/include-fixed]
  ignore line: [ /usr/include]
  ignore line: [End of search list.]
  ignore line: [GNU C17 (GCC) version 11.1.0 (x86_64-pc-linux-gnu)]
  ignore line: [	compiled by GNU C version 11.1.0  GMP version 6.2.1  MPFR version 4.1.0-p13  MPC version 1.2.1  isl version isl-0.24-GMP]
  ignore line: []
  ignore line: [GGC heuristics: --param ggc-min-expand=100 --param ggc-min-heapsize=131072]
  ignore line: [Compiler executable checksum: ec1bc319e19ef4dd2d241e66d95d4739]
  ignore line: [COLLECT_GCC_OPTIONS='-v' '-o' 'CMakeFiles/cmTC_a17ef.dir/CMakeCCompilerABI.c.o' '-c' '-mtune=generic' '-march=x86-64' '-dumpdir' 'CMakeFiles/cmTC_a17ef.dir/']
  ignore line: [ as -v --64 -o CMakeFiles/cmTC_a17ef.dir/CMakeCCompilerABI.c.o /tmp/ccvnN8T2.s]
  ignore line: [GNU assembler version 2.36.1 (x86_64-pc-linux-gnu) using BFD version (GNU Binutils) 2.36.1]
  ignore line: [COMPILER_PATH=/usr/lib/gcc/x86_64-pc-linux-gnu/11.1.0/:/usr/lib/gcc/x86_64-pc-linux-gnu/11.1.0/:/usr/lib/gcc/x86_64-pc-linux-gnu/:/usr/lib/gcc/x86_64-pc-linux-gnu/11.1.0/:/usr/lib/gcc/x86_64-pc-linux-gnu/]
  ignore line: [LIBRARY_PATH=/usr/lib/gcc/x86_64-pc-linux-gnu/11.1.0/:/usr/lib/gcc/x86_64-pc-linux-gnu/11.1.0/../../../../lib/:/lib/../lib/:/usr/lib/../lib/:/usr/lib/gcc/x86_64-pc-linux-gnu/11.1.0/../../../:/lib/:/usr/lib/]
  ignore line: [COLLECT_GCC_OPTIONS='-v' '-o' 'CMakeFiles/cmTC_a17ef.dir/CMakeCCompilerABI.c.o' '-c' '-mtune=generic' '-march=x86-64' '-dumpdir' 'CMakeFiles/cmTC_a17ef.dir/CMakeCCompilerABI.c.']
  ignore line: [Linking C executable cmTC_a17ef]
  ignore line: [/usr/bin/cmake -E cmake_link_script CMakeFiles/cmTC_a17ef.dir/link.txt --verbose=1]
  ignore line: [/usr/sbin/cc  -v CMakeFiles/cmTC_a17ef.dir/CMakeCCompilerABI.c.o -o cmTC_a17ef ]
  ignore line: [Using built-in specs.]
  ignore line: [COLLECT_GCC=/usr/sbin/cc]
  ignore line: [COLLECT_LTO_WRAPPER=/usr/lib/gcc/x86_64-pc-linux-gnu/11.1.0/lto-wrapper]
  ignore line: [Target: x86_64-pc-linux-gnu]
  ignore line: [Configured with: /build/gcc/src/gcc/configure --prefix=/usr --libdir=/usr/lib --libexecdir=/usr/lib --mandir=/usr/share/man --infodir=/usr/share/info --with-bugurl=https://bugs.archlinux.org/ --enable-languages=c c++ ada fortran go lto objc obj-c++ d --with-isl --with-linker-hash-style=gnu --with-system-zlib --enable-__cxa_atexit --enable-cet=auto --enable-checking=release --enable-clocale=gnu --enable-default-pie --enable-default-ssp --enable-gnu-indirect-function --enable-gnu-unique-object --enable-install-libiberty --enable-linker-build-id --enable-lto --enable-multilib --enable-plugin --enable-shared --enable-threads=posix --disable-libssp --disable-libstdcxx-pch --disable-libunwind-exceptions --disable-werror gdc_include_dir=/usr/include/dlang/gdc]
  ignore line: [Thread model: posix]
  ignore line: [Supported LTO compression algorithms: zlib zstd]
  ignore line: [gcc version 11.1.0 (GCC) ]
  ignore line: [COMPILER_PATH=/usr/lib/gcc/x86_64-pc-linux-gnu/11.1.0/:/usr/lib/gcc/x86_64-pc-linux-gnu/11.1.0/:/usr/lib/gcc/x86_64-pc-linux-gnu/:/usr/lib/gcc/x86_64-pc-linux-gnu/11.1.0/:/usr/lib/gcc/x86_64-pc-linux-gnu/]
  ignore line: [LIBRARY_PATH=/usr/lib/gcc/x86_64-pc-linux-gnu/11.1.0/:/usr/lib/gcc/x86_64-pc-linux-gnu/11.1.0/../../../../lib/:/lib/../lib/:/usr/lib/../lib/:/usr/lib/gcc/x86_64-pc-linux-gnu/11.1.0/../../../:/lib/:/usr/lib/]
  ignore line: [COLLECT_GCC_OPTIONS='-v' '-o' 'cmTC_a17ef' '-mtune=generic' '-march=x86-64' '-dumpdir' 'cmTC_a17ef.']
  link line: [ /usr/lib/gcc/x86_64-pc-linux-gnu/11.1.0/collect2 -plugin /usr/lib/gcc/x86_64-pc-linux-gnu/11.1.0/liblto_plugin.so -plugin-opt=/usr/lib/gcc/x86_64-pc-linux-gnu/11.1.0/lto-wrapper -plugin-opt=-fresolution=/tmp/ccMdWzk3.res -plugin-opt=-pass-through=-lgcc -plugin-opt=-pass-through=-lgcc_s -plugin-opt=-pass-through=-lc -plugin-opt=-pass-through=-lgcc -plugin-opt=-pass-through=-lgcc_s --build-id --eh-frame-hdr --hash-style=gnu -m elf_x86_64 -dynamic-linker /lib64/ld-linux-x86-64.so.2 -pie -o cmTC_a17ef /usr/lib/gcc/x86_64-pc-linux-gnu/11.1.0/../../../../lib/Scrt1.o /usr/lib/gcc/x86_64-pc-linux-gnu/11.1.0/../../../../lib/crti.o /usr/lib/gcc/x86_64-pc-linux-gnu/11.1.0/crtbeginS.o -L/usr/lib/gcc/x86_64-pc-linux-gnu/11.1.0 -L/usr/lib/gcc/x86_64-pc-linux-gnu/11.1.0/../../../../lib -L/lib/../lib -L/usr/lib/../lib -L/usr/lib/gcc/x86_64-pc-linux-gnu/11.1.0/../../.. CMakeFiles/cmTC_a17ef.dir/CMakeCCompilerABI.c.o -lgcc --push-state --as-needed -lgcc_s --pop-state -lc -lgcc --push-state --as-needed -lgcc_s --pop-state /usr/lib/gcc/x86_64-pc-linux-gnu/11.1.0/crtendS.o /usr/lib/gcc/x86_64-pc-linux-gnu/11.1.0/../../../../lib/crtn.o]
    arg [/usr/lib/gcc/x86_64-pc-linux-gnu/11.1.0/collect2] ==> ignore
    arg [-plugin] ==> ignore
    arg [/usr/lib/gcc/x86_64-pc-linux-gnu/11.1.0/liblto_plugin.so] ==> ignore
    arg [-plugin-opt=/usr/lib/gcc/x86_64-pc-linux-gnu/11.1.0/lto-wrapper] ==> ignore
    arg [-plugin-opt=-fresolution=/tmp/ccMdWzk3.res] ==> ignore
    arg [-plugin-opt=-pass-through=-lgcc] ==> ignore
    arg [-plugin-opt=-pass-through=-lgcc_s] ==> ignore
    arg [-plugin-opt=-pass-through=-lc] ==> ignore
    arg [-plugin-opt=-pass-through=-lgcc] ==> ignore
    arg [-plugin-opt=-pass-through=-lgcc_s] ==> ignore
    arg [--build-id] ==> ignore
    arg [--eh-frame-hdr] ==> ignore
    arg [--hash-style=gnu] ==> ignore
    arg [-m] ==> ignore
    arg [elf_x86_64] ==> ignore
    arg [-dynamic-linker] ==> ignore
    arg [/lib64/ld-linux-x86-64.so.2] ==> ignore
    arg [-pie] ==> ignore
    arg [-o] ==> ignore
    arg [cmTC_a17ef] ==> ignore
    arg [/usr/lib/gcc/x86_64-pc-linux-gnu/11.1.0/../../../../lib/Scrt1.o] ==> obj [/usr/lib/gcc/x86_64-pc-linux-gnu/11.1.0/../../../../lib/Scrt1.o]
    arg [/usr/lib/gcc/x86_64-pc-linux-gnu/11.1.0/../../../../lib/crti.o] ==> obj [/usr/lib/gcc/x86_64-pc-linux-gnu/11.1.0/../../../../lib/crti.o]
    arg [/usr/lib/gcc/x86_64-pc-linux-gnu/11.1.0/crtbeginS.o] ==> obj [/usr/lib/gcc/x86_64-pc-linux-gnu/11.1.0/crtbeginS.o]
    arg [-L/usr/lib/gcc/x86_64-pc-linux-gnu/11.1.0] ==> dir [/usr/lib/gcc/x86_64-pc-linux-gnu/11.1.0]
    arg [-L/usr/lib/gcc/x86_64-pc-linux-gnu/11.1.0/../../../../lib] ==> dir [/usr/lib/gcc/x86_64-pc-linux-gnu/11.1.0/../../../../lib]
    arg [-L/lib/../lib] ==> dir [/lib/../lib]
    arg [-L/usr/lib/../lib] ==> dir [/usr/lib/../lib]
    arg [-L/usr/lib/gcc/x86_64-pc-linux-gnu/11.1.0/../../..] ==> dir [/usr/lib/gcc/x86_64-pc-linux-gnu/11.1.0/../../..]
    arg [CMakeFiles/cmTC_a17ef.dir/CMakeCCompilerABI.c.o] ==> ignore
    arg [-lgcc] ==> lib [gcc]
    arg [--push-state] ==> ignore
    arg [--as-needed] ==> ignore
    arg [-lgcc_s] ==> lib [gcc_s]
    arg [--pop-state] ==> ignore
    arg [-lc] ==> lib [c]
    arg [-lgcc] ==> lib [gcc]
    arg [--push-state] ==> ignore
    arg [--as-needed] ==> ignore
    arg [-lgcc_s] ==> lib [gcc_s]
    arg [--pop-state] ==> ignore
    arg [/usr/lib/gcc/x86_64-pc-linux-gnu/11.1.0/crtendS.o] ==> obj [/usr/lib/gcc/x86_64-pc-linux-gnu/11.1.0/crtendS.o]
    arg [/usr/lib/gcc/x86_64-pc-linux-gnu/11.1.0/../../../../lib/crtn.o] ==> obj [/usr/lib/gcc/x86_64-pc-linux-gnu/11.1.0/../../../../lib/crtn.o]
  collapse obj [/usr/lib/gcc/x86_64-pc-linux-gnu/11.1.0/../../../../lib/Scrt1.o] ==> [/usr/lib/Scrt1.o]
  collapse obj [/usr/lib/gcc/x86_64-pc-linux-gnu/11.1.0/../../../../lib/crti.o] ==> [/usr/lib/crti.o]
  collapse obj [/usr/lib/gcc/x86_64-pc-linux-gnu/11.1.0/../../../../lib/crtn.o] ==> [/usr/lib/crtn.o]
  collapse library dir [/usr/lib/gcc/x86_64-pc-linux-gnu/11.1.0] ==> [/usr/lib/gcc/x86_64-pc-linux-gnu/11.1.0]
  collapse library dir [/usr/lib/gcc/x86_64-pc-linux-gnu/11.1.0/../../../../lib] ==> [/usr/lib]
  collapse library dir [/lib/../lib] ==> [/lib]
  collapse library dir [/usr/lib/../lib] ==> [/usr/lib]
  collapse library dir [/usr/lib/gcc/x86_64-pc-linux-gnu/11.1.0/../../..] ==> [/usr/lib]
  implicit libs: [gcc;gcc_s;c;gcc;gcc_s]
  implicit objs: [/usr/lib/Scrt1.o;/usr/lib/crti.o;/usr/lib/gcc/x86_64-pc-linux-gnu/11.1.0/crtbeginS.o;/usr/lib/gcc/x86_64-pc-linux-gnu/11.1.0/crtendS.o;/usr/lib/crtn.o]
  implicit dirs: [/usr/lib/gcc/x86_64-pc-linux-gnu/11.1.0;/usr/lib;/lib]
  implicit fwks: []


Detecting CXX compiler ABI info compiled with the following output:
Change Dir: /home/user/shared_data/geant4ScintSim/sim/CMakeFiles/CMakeTmp

Run Build Command(s):/usr/sbin/make -f Makefile cmTC_14ed8/fast && /usr/sbin/make  -f CMakeFiles/cmTC_14ed8.dir/build.make CMakeFiles/cmTC_14ed8.dir/build
make[1]: Entering directory '/home/user/shared_data/geant4ScintSim/sim/CMakeFiles/CMakeTmp'
Building CXX object CMakeFiles/cmTC_14ed8.dir/CMakeCXXCompilerABI.cpp.o
/usr/sbin/c++   -v -o CMakeFiles/cmTC_14ed8.dir/CMakeCXXCompilerABI.cpp.o -c /usr/share/cmake/Modules/CMakeCXXCompilerABI.cpp
Using built-in specs.
COLLECT_GCC=/usr/sbin/c++
Target: x86_64-pc-linux-gnu
Configured with: /build/gcc/src/gcc/configure --prefix=/usr --libdir=/usr/lib --libexecdir=/usr/lib --mandir=/usr/share/man --infodir=/usr/share/info --with-bugurl=https://bugs.archlinux.org/ --enable-languages=c,c++,ada,fortran,go,lto,objc,obj-c++,d --with-isl --with-linker-hash-style=gnu --with-system-zlib --enable-__cxa_atexit --enable-cet=auto --enable-checking=release --enable-clocale=gnu --enable-default-pie --enable-default-ssp --enable-gnu-indirect-function --enable-gnu-unique-object --enable-install-libiberty --enable-linker-build-id --enable-lto --enable-multilib --enable-plugin --enable-shared --enable-threads=posix --disable-libssp --disable-libstdcxx-pch --disable-libunwind-exceptions --disable-werror gdc_include_dir=/usr/include/dlang/gdc
Thread model: posix
Supported LTO compression algorithms: zlib zstd
gcc version 11.1.0 (GCC) 
COLLECT_GCC_OPTIONS='-v' '-o' 'CMakeFiles/cmTC_14ed8.dir/CMakeCXXCompilerABI.cpp.o' '-c' '-shared-libgcc' '-mtune=generic' '-march=x86-64' '-dumpdir' 'CMakeFiles/cmTC_14ed8.dir/'
 /usr/lib/gcc/x86_64-pc-linux-gnu/11.1.0/cc1plus -quiet -v -D_GNU_SOURCE /usr/share/cmake/Modules/CMakeCXXCompilerABI.cpp -quiet -dumpdir CMakeFiles/cmTC_14ed8.dir/ -dumpbase CMakeCXXCompilerABI.cpp.cpp -dumpbase-ext .cpp -mtune=generic -march=x86-64 -version -o /tmp/ccQfcjSc.s
GNU C++17 (GCC) version 11.1.0 (x86_64-pc-linux-gnu)
	compiled by GNU C version 11.1.0, GMP version 6.2.1, MPFR version 4.1.0-p13, MPC version 1.2.1, isl version isl-0.24-GMP

GGC heuristics: --param ggc-min-expand=100 --param ggc-min-heapsize=131072
ignoring nonexistent directory "/usr/lib/gcc/x86_64-pc-linux-gnu/11.1.0/../../../../x86_64-pc-linux-gnu/include"
#include "..." search starts here:
#include <...> search starts here:
 /usr/lib/gcc/x86_64-pc-linux-gnu/11.1.0/../../../../include/c++/11.1.0
 /usr/lib/gcc/x86_64-pc-linux-gnu/11.1.0/../../../../include/c++/11.1.0/x86_64-pc-linux-gnu
 /usr/lib/gcc/x86_64-pc-linux-gnu/11.1.0/../../../../include/c++/11.1.0/backward
 /usr/lib/gcc/x86_64-pc-linux-gnu/11.1.0/include
 /usr/local/include
 /usr/lib/gcc/x86_64-pc-linux-gnu/11.1.0/include-fixed
 /usr/include
End of search list.
GNU C++17 (GCC) version 11.1.0 (x86_64-pc-linux-gnu)
	compiled by GNU C version 11.1.0, GMP version 6.2.1, MPFR version 4.1.0-p13, MPC version 1.2.1, isl version isl-0.24-GMP

GGC heuristics: --param ggc-min-expand=100 --param ggc-min-heapsize=131072
Compiler executable checksum: e6d85a433da2a6385241e28f4582b1d3
COLLECT_GCC_OPTIONS='-v' '-o' 'CMakeFiles/cmTC_14ed8.dir/CMakeCXXCompilerABI.cpp.o' '-c' '-shared-libgcc' '-mtune=generic' '-march=x86-64' '-dumpdir' 'CMakeFiles/cmTC_14ed8.dir/'
 as -v --64 -o CMakeFiles/cmTC_14ed8.dir/CMakeCXXCompilerABI.cpp.o /tmp/ccQfcjSc.s
GNU assembler version 2.36.1 (x86_64-pc-linux-gnu) using BFD version (GNU Binutils) 2.36.1
COMPILER_PATH=/usr/lib/gcc/x86_64-pc-linux-gnu/11.1.0/:/usr/lib/gcc/x86_64-pc-linux-gnu/11.1.0/:/usr/lib/gcc/x86_64-pc-linux-gnu/:/usr/lib/gcc/x86_64-pc-linux-gnu/11.1.0/:/usr/lib/gcc/x86_64-pc-linux-gnu/
LIBRARY_PATH=/usr/lib/gcc/x86_64-pc-linux-gnu/11.1.0/:/usr/lib/gcc/x86_64-pc-linux-gnu/11.1.0/../../../../lib/:/lib/../lib/:/usr/lib/../lib/:/usr/lib/gcc/x86_64-pc-linux-gnu/11.1.0/../../../:/lib/:/usr/lib/
COLLECT_GCC_OPTIONS='-v' '-o' 'CMakeFiles/cmTC_14ed8.dir/CMakeCXXCompilerABI.cpp.o' '-c' '-shared-libgcc' '-mtune=generic' '-march=x86-64' '-dumpdir' 'CMakeFiles/cmTC_14ed8.dir/CMakeCXXCompilerABI.cpp.'
Linking CXX executable cmTC_14ed8
/usr/bin/cmake -E cmake_link_script CMakeFiles/cmTC_14ed8.dir/link.txt --verbose=1
/usr/sbin/c++  -v CMakeFiles/cmTC_14ed8.dir/CMakeCXXCompilerABI.cpp.o -o cmTC_14ed8 
Using built-in specs.
COLLECT_GCC=/usr/sbin/c++
COLLECT_LTO_WRAPPER=/usr/lib/gcc/x86_64-pc-linux-gnu/11.1.0/lto-wrapper
Target: x86_64-pc-linux-gnu
Configured with: /build/gcc/src/gcc/configure --prefix=/usr --libdir=/usr/lib --libexecdir=/usr/lib --mandir=/usr/share/man --infodir=/usr/share/info --with-bugurl=https://bugs.archlinux.org/ --enable-languages=c,c++,ada,fortran,go,lto,objc,obj-c++,d --with-isl --with-linker-hash-style=gnu --with-system-zlib --enable-__cxa_atexit --enable-cet=auto --enable-checking=release --enable-clocale=gnu --enable-default-pie --enable-default-ssp --enable-gnu-indirect-function --enable-gnu-unique-object --enable-install-libiberty --enable-linker-build-id --enable-lto --enable-multilib --enable-plugin --enable-shared --enable-threads=posix --disable-libssp --disable-libstdcxx-pch --disable-libunwind-exceptions --disable-werror gdc_include_dir=/usr/include/dlang/gdc
Thread model: posix
Supported LTO compression algorithms: zlib zstd
gcc version 11.1.0 (GCC) 
COMPILER_PATH=/usr/lib/gcc/x86_64-pc-linux-gnu/11.1.0/:/usr/lib/gcc/x86_64-pc-linux-gnu/11.1.0/:/usr/lib/gcc/x86_64-pc-linux-gnu/:/usr/lib/gcc/x86_64-pc-linux-gnu/11.1.0/:/usr/lib/gcc/x86_64-pc-linux-gnu/
LIBRARY_PATH=/usr/lib/gcc/x86_64-pc-linux-gnu/11.1.0/:/usr/lib/gcc/x86_64-pc-linux-gnu/11.1.0/../../../../lib/:/lib/../lib/:/usr/lib/../lib/:/usr/lib/gcc/x86_64-pc-linux-gnu/11.1.0/../../../:/lib/:/usr/lib/
COLLECT_GCC_OPTIONS='-v' '-o' 'cmTC_14ed8' '-shared-libgcc' '-mtune=generic' '-march=x86-64' '-dumpdir' 'cmTC_14ed8.'
 /usr/lib/gcc/x86_64-pc-linux-gnu/11.1.0/collect2 -plugin /usr/lib/gcc/x86_64-pc-linux-gnu/11.1.0/liblto_plugin.so -plugin-opt=/usr/lib/gcc/x86_64-pc-linux-gnu/11.1.0/lto-wrapper -plugin-opt=-fresolution=/tmp/cc4AqkhZ.res -plugin-opt=-pass-through=-lgcc_s -plugin-opt=-pass-through=-lgcc -plugin-opt=-pass-through=-lc -plugin-opt=-pass-through=-lgcc_s -plugin-opt=-pass-through=-lgcc --build-id --eh-frame-hdr --hash-style=gnu -m elf_x86_64 -dynamic-linker /lib64/ld-linux-x86-64.so.2 -pie -o cmTC_14ed8 /usr/lib/gcc/x86_64-pc-linux-gnu/11.1.0/../../../../lib/Scrt1.o /usr/lib/gcc/x86_64-pc-linux-gnu/11.1.0/../../../../lib/crti.o /usr/lib/gcc/x86_64-pc-linux-gnu/11.1.0/crtbeginS.o -L/usr/lib/gcc/x86_64-pc-linux-gnu/11.1.0 -L/usr/lib/gcc/x86_64-pc-linux-gnu/11.1.0/../../../../lib -L/lib/../lib -L/usr/lib/../lib -L/usr/lib/gcc/x86_64-pc-linux-gnu/11.1.0/../../.. CMakeFiles/cmTC_14ed8.dir/CMakeCXXCompilerABI.cpp.o -lstdc++ -lm -lgcc_s -lgcc -lc -lgcc_s -lgcc /usr/lib/gcc/x86_64-pc-linux-gnu/11.1.0/crtendS.o /usr/lib/gcc/x86_64-pc-linux-gnu/11.1.0/../../../../lib/crtn.o
COLLECT_GCC_OPTIONS='-v' '-o' 'cmTC_14ed8' '-shared-libgcc' '-mtune=generic' '-march=x86-64' '-dumpdir' 'cmTC_14ed8.'
make[1]: Leaving directory '/home/user/shared_data/geant4ScintSim/sim/CMakeFiles/CMakeTmp'



Parsed CXX implicit include dir info from above output: rv=done
  found start of include info
  found start of implicit include info
    add: [/usr/lib/gcc/x86_64-pc-linux-gnu/11.1.0/../../../../include/c++/11.1.0]
    add: [/usr/lib/gcc/x86_64-pc-linux-gnu/11.1.0/../../../../include/c++/11.1.0/x86_64-pc-linux-gnu]
    add: [/usr/lib/gcc/x86_64-pc-linux-gnu/11.1.0/../../../../include/c++/11.1.0/backward]
    add: [/usr/lib/gcc/x86_64-pc-linux-gnu/11.1.0/include]
    add: [/usr/local/include]
    add: [/usr/lib/gcc/x86_64-pc-linux-gnu/11.1.0/include-fixed]
    add: [/usr/include]
  end of search list found
  collapse include dir [/usr/lib/gcc/x86_64-pc-linux-gnu/11.1.0/../../../../include/c++/11.1.0] ==> [/usr/include/c++/11.1.0]
  collapse include dir [/usr/lib/gcc/x86_64-pc-linux-gnu/11.1.0/../../../../include/c++/11.1.0/x86_64-pc-linux-gnu] ==> [/usr/include/c++/11.1.0/x86_64-pc-linux-gnu]
  collapse include dir [/usr/lib/gcc/x86_64-pc-linux-gnu/11.1.0/../../../../include/c++/11.1.0/backward] ==> [/usr/include/c++/11.1.0/backward]
  collapse include dir [/usr/lib/gcc/x86_64-pc-linux-gnu/11.1.0/include] ==> [/usr/lib/gcc/x86_64-pc-linux-gnu/11.1.0/include]
  collapse include dir [/usr/local/include] ==> [/usr/local/include]
  collapse include dir [/usr/lib/gcc/x86_64-pc-linux-gnu/11.1.0/include-fixed] ==> [/usr/lib/gcc/x86_64-pc-linux-gnu/11.1.0/include-fixed]
  collapse include dir [/usr/include] ==> [/usr/include]
  implicit include dirs: [/usr/include/c++/11.1.0;/usr/include/c++/11.1.0/x86_64-pc-linux-gnu;/usr/include/c++/11.1.0/backward;/usr/lib/gcc/x86_64-pc-linux-gnu/11.1.0/include;/usr/local/include;/usr/lib/gcc/x86_64-pc-linux-gnu/11.1.0/include-fixed;/usr/include]


Parsed CXX implicit link information from above output:
  link line regex: [^( *|.*[/\])(ld|CMAKE_LINK_STARTFILE-NOTFOUND|([^/\]+-)?ld|collect2)[^/\]*( |$)]
  ignore line: [Change Dir: /home/user/shared_data/geant4ScintSim/sim/CMakeFiles/CMakeTmp]
  ignore line: []
  ignore line: [Run Build Command(s):/usr/sbin/make -f Makefile cmTC_14ed8/fast && /usr/sbin/make  -f CMakeFiles/cmTC_14ed8.dir/build.make CMakeFiles/cmTC_14ed8.dir/build]
  ignore line: [make[1]: Entering directory '/home/user/shared_data/geant4ScintSim/sim/CMakeFiles/CMakeTmp']
  ignore line: [Building CXX object CMakeFiles/cmTC_14ed8.dir/CMakeCXXCompilerABI.cpp.o]
  ignore line: [/usr/sbin/c++   -v -o CMakeFiles/cmTC_14ed8.dir/CMakeCXXCompilerABI.cpp.o -c /usr/share/cmake/Modules/CMakeCXXCompilerABI.cpp]
  ignore line: [Using built-in specs.]
  ignore line: [COLLECT_GCC=/usr/sbin/c++]
  ignore line: [Target: x86_64-pc-linux-gnu]
  ignore line: [Configured with: /build/gcc/src/gcc/configure --prefix=/usr --libdir=/usr/lib --libexecdir=/usr/lib --mandir=/usr/share/man --infodir=/usr/share/info --with-bugurl=https://bugs.archlinux.org/ --enable-languages=c c++ ada fortran go lto objc obj-c++ d --with-isl --with-linker-hash-style=gnu --with-system-zlib --enable-__cxa_atexit --enable-cet=auto --enable-checking=release --enable-clocale=gnu --enable-default-pie --enable-default-ssp --enable-gnu-indirect-function --enable-gnu-unique-object --enable-install-libiberty --enable-linker-build-id --enable-lto --enable-multilib --enable-plugin --enable-shared --enable-threads=posix --disable-libssp --disable-libstdcxx-pch --disable-libunwind-exceptions --disable-werror gdc_include_dir=/usr/include/dlang/gdc]
  ignore line: [Thread model: posix]
  ignore line: [Supported LTO compression algorithms: zlib zstd]
  ignore line: [gcc version 11.1.0 (GCC) ]
  ignore line: [COLLECT_GCC_OPTIONS='-v' '-o' 'CMakeFiles/cmTC_14ed8.dir/CMakeCXXCompilerABI.cpp.o' '-c' '-shared-libgcc' '-mtune=generic' '-march=x86-64' '-dumpdir' 'CMakeFiles/cmTC_14ed8.dir/']
  ignore line: [ /usr/lib/gcc/x86_64-pc-linux-gnu/11.1.0/cc1plus -quiet -v -D_GNU_SOURCE /usr/share/cmake/Modules/CMakeCXXCompilerABI.cpp -quiet -dumpdir CMakeFiles/cmTC_14ed8.dir/ -dumpbase CMakeCXXCompilerABI.cpp.cpp -dumpbase-ext .cpp -mtune=generic -march=x86-64 -version -o /tmp/ccQfcjSc.s]
  ignore line: [GNU C++17 (GCC) version 11.1.0 (x86_64-pc-linux-gnu)]
  ignore line: [	compiled by GNU C version 11.1.0  GMP version 6.2.1  MPFR version 4.1.0-p13  MPC version 1.2.1  isl version isl-0.24-GMP]
  ignore line: []
  ignore line: [GGC heuristics: --param ggc-min-expand=100 --param ggc-min-heapsize=131072]
  ignore line: [ignoring nonexistent directory "/usr/lib/gcc/x86_64-pc-linux-gnu/11.1.0/../../../../x86_64-pc-linux-gnu/include"]
  ignore line: [#include "..." search starts here:]
  ignore line: [#include <...> search starts here:]
  ignore line: [ /usr/lib/gcc/x86_64-pc-linux-gnu/11.1.0/../../../../include/c++/11.1.0]
  ignore line: [ /usr/lib/gcc/x86_64-pc-linux-gnu/11.1.0/../../../../include/c++/11.1.0/x86_64-pc-linux-gnu]
  ignore line: [ /usr/lib/gcc/x86_64-pc-linux-gnu/11.1.0/../../../../include/c++/11.1.0/backward]
  ignore line: [ /usr/lib/gcc/x86_64-pc-linux-gnu/11.1.0/include]
  ignore line: [ /usr/local/include]
  ignore line: [ /usr/lib/gcc/x86_64-pc-linux-gnu/11.1.0/include-fixed]
  ignore line: [ /usr/include]
  ignore line: [End of search list.]
  ignore line: [GNU C++17 (GCC) version 11.1.0 (x86_64-pc-linux-gnu)]
  ignore line: [	compiled by GNU C version 11.1.0  GMP version 6.2.1  MPFR version 4.1.0-p13  MPC version 1.2.1  isl version isl-0.24-GMP]
  ignore line: []
  ignore line: [GGC heuristics: --param ggc-min-expand=100 --param ggc-min-heapsize=131072]
  ignore line: [Compiler executable checksum: e6d85a433da2a6385241e28f4582b1d3]
  ignore line: [COLLECT_GCC_OPTIONS='-v' '-o' 'CMakeFiles/cmTC_14ed8.dir/CMakeCXXCompilerABI.cpp.o' '-c' '-shared-libgcc' '-mtune=generic' '-march=x86-64' '-dumpdir' 'CMakeFiles/cmTC_14ed8.dir/']
  ignore line: [ as -v --64 -o CMakeFiles/cmTC_14ed8.dir/CMakeCXXCompilerABI.cpp.o /tmp/ccQfcjSc.s]
  ignore line: [GNU assembler version 2.36.1 (x86_64-pc-linux-gnu) using BFD version (GNU Binutils) 2.36.1]
  ignore line: [COMPILER_PATH=/usr/lib/gcc/x86_64-pc-linux-gnu/11.1.0/:/usr/lib/gcc/x86_64-pc-linux-gnu/11.1.0/:/usr/lib/gcc/x86_64-pc-linux-gnu/:/usr/lib/gcc/x86_64-pc-linux-gnu/11.1.0/:/usr/lib/gcc/x86_64-pc-linux-gnu/]
  ignore line: [LIBRARY_PATH=/usr/lib/gcc/x86_64-pc-linux-gnu/11.1.0/:/usr/lib/gcc/x86_64-pc-linux-gnu/11.1.0/../../../../lib/:/lib/../lib/:/usr/lib/../lib/:/usr/lib/gcc/x86_64-pc-linux-gnu/11.1.0/../../../:/lib/:/usr/lib/]
  ignore line: [COLLECT_GCC_OPTIONS='-v' '-o' 'CMakeFiles/cmTC_14ed8.dir/CMakeCXXCompilerABI.cpp.o' '-c' '-shared-libgcc' '-mtune=generic' '-march=x86-64' '-dumpdir' 'CMakeFiles/cmTC_14ed8.dir/CMakeCXXCompilerABI.cpp.']
  ignore line: [Linking CXX executable cmTC_14ed8]
  ignore line: [/usr/bin/cmake -E cmake_link_script CMakeFiles/cmTC_14ed8.dir/link.txt --verbose=1]
  ignore line: [/usr/sbin/c++  -v CMakeFiles/cmTC_14ed8.dir/CMakeCXXCompilerABI.cpp.o -o cmTC_14ed8 ]
  ignore line: [Using built-in specs.]
  ignore line: [COLLECT_GCC=/usr/sbin/c++]
  ignore line: [COLLECT_LTO_WRAPPER=/usr/lib/gcc/x86_64-pc-linux-gnu/11.1.0/lto-wrapper]
  ignore line: [Target: x86_64-pc-linux-gnu]
  ignore line: [Configured with: /build/gcc/src/gcc/configure --prefix=/usr --libdir=/usr/lib --libexecdir=/usr/lib --mandir=/usr/share/man --infodir=/usr/share/info --with-bugurl=https://bugs.archlinux.org/ --enable-languages=c c++ ada fortran go lto objc obj-c++ d --with-isl --with-linker-hash-style=gnu --with-system-zlib --enable-__cxa_atexit --enable-cet=auto --enable-checking=release --enable-clocale=gnu --enable-default-pie --enable-default-ssp --enable-gnu-indirect-function --enable-gnu-unique-object --enable-install-libiberty --enable-linker-build-id --enable-lto --enable-multilib --enable-plugin --enable-shared --enable-threads=posix --disable-libssp --disable-libstdcxx-pch --disable-libunwind-exceptions --disable-werror gdc_include_dir=/usr/include/dlang/gdc]
  ignore line: [Thread model: posix]
  ignore line: [Supported LTO compression algorithms: zlib zstd]
  ignore line: [gcc version 11.1.0 (GCC) ]
  ignore line: [COMPILER_PATH=/usr/lib/gcc/x86_64-pc-linux-gnu/11.1.0/:/usr/lib/gcc/x86_64-pc-linux-gnu/11.1.0/:/usr/lib/gcc/x86_64-pc-linux-gnu/:/usr/lib/gcc/x86_64-pc-linux-gnu/11.1.0/:/usr/lib/gcc/x86_64-pc-linux-gnu/]
  ignore line: [LIBRARY_PATH=/usr/lib/gcc/x86_64-pc-linux-gnu/11.1.0/:/usr/lib/gcc/x86_64-pc-linux-gnu/11.1.0/../../../../lib/:/lib/../lib/:/usr/lib/../lib/:/usr/lib/gcc/x86_64-pc-linux-gnu/11.1.0/../../../:/lib/:/usr/lib/]
  ignore line: [COLLECT_GCC_OPTIONS='-v' '-o' 'cmTC_14ed8' '-shared-libgcc' '-mtune=generic' '-march=x86-64' '-dumpdir' 'cmTC_14ed8.']
  link line: [ /usr/lib/gcc/x86_64-pc-linux-gnu/11.1.0/collect2 -plugin /usr/lib/gcc/x86_64-pc-linux-gnu/11.1.0/liblto_plugin.so -plugin-opt=/usr/lib/gcc/x86_64-pc-linux-gnu/11.1.0/lto-wrapper -plugin-opt=-fresolution=/tmp/cc4AqkhZ.res -plugin-opt=-pass-through=-lgcc_s -plugin-opt=-pass-through=-lgcc -plugin-opt=-pass-through=-lc -plugin-opt=-pass-through=-lgcc_s -plugin-opt=-pass-through=-lgcc --build-id --eh-frame-hdr --hash-style=gnu -m elf_x86_64 -dynamic-linker /lib64/ld-linux-x86-64.so.2 -pie -o cmTC_14ed8 /usr/lib/gcc/x86_64-pc-linux-gnu/11.1.0/../../../../lib/Scrt1.o /usr/lib/gcc/x86_64-pc-linux-gnu/11.1.0/../../../../lib/crti.o /usr/lib/gcc/x86_64-pc-linux-gnu/11.1.0/crtbeginS.o -L/usr/lib/gcc/x86_64-pc-linux-gnu/11.1.0 -L/usr/lib/gcc/x86_64-pc-linux-gnu/11.1.0/../../../../lib -L/lib/../lib -L/usr/lib/../lib -L/usr/lib/gcc/x86_64-pc-linux-gnu/11.1.0/../../.. CMakeFiles/cmTC_14ed8.dir/CMakeCXXCompilerABI.cpp.o -lstdc++ -lm -lgcc_s -lgcc -lc -lgcc_s -lgcc /usr/lib/gcc/x86_64-pc-linux-gnu/11.1.0/crtendS.o /usr/lib/gcc/x86_64-pc-linux-gnu/11.1.0/../../../../lib/crtn.o]
    arg [/usr/lib/gcc/x86_64-pc-linux-gnu/11.1.0/collect2] ==> ignore
    arg [-plugin] ==> ignore
    arg [/usr/lib/gcc/x86_64-pc-linux-gnu/11.1.0/liblto_plugin.so] ==> ignore
    arg [-plugin-opt=/usr/lib/gcc/x86_64-pc-linux-gnu/11.1.0/lto-wrapper] ==> ignore
    arg [-plugin-opt=-fresolution=/tmp/cc4AqkhZ.res] ==> ignore
    arg [-plugin-opt=-pass-through=-lgcc_s] ==> ignore
    arg [-plugin-opt=-pass-through=-lgcc] ==> ignore
    arg [-plugin-opt=-pass-through=-lc] ==> ignore
    arg [-plugin-opt=-pass-through=-lgcc_s] ==> ignore
    arg [-plugin-opt=-pass-through=-lgcc] ==> ignore
    arg [--build-id] ==> ignore
    arg [--eh-frame-hdr] ==> ignore
    arg [--hash-style=gnu] ==> ignore
    arg [-m] ==> ignore
    arg [elf_x86_64] ==> ignore
    arg [-dynamic-linker] ==> ignore
    arg [/lib64/ld-linux-x86-64.so.2] ==> ignore
    arg [-pie] ==> ignore
    arg [-o] ==> ignore
    arg [cmTC_14ed8] ==> ignore
    arg [/usr/lib/gcc/x86_64-pc-linux-gnu/11.1.0/../../../../lib/Scrt1.o] ==> obj [/usr/lib/gcc/x86_64-pc-linux-gnu/11.1.0/../../../../lib/Scrt1.o]
    arg [/usr/lib/gcc/x86_64-pc-linux-gnu/11.1.0/../../../../lib/crti.o] ==> obj [/usr/lib/gcc/x86_64-pc-linux-gnu/11.1.0/../../../../lib/crti.o]
    arg [/usr/lib/gcc/x86_64-pc-linux-gnu/11.1.0/crtbeginS.o] ==> obj [/usr/lib/gcc/x86_64-pc-linux-gnu/11.1.0/crtbeginS.o]
    arg [-L/usr/lib/gcc/x86_64-pc-linux-gnu/11.1.0] ==> dir [/usr/lib/gcc/x86_64-pc-linux-gnu/11.1.0]
    arg [-L/usr/lib/gcc/x86_64-pc-linux-gnu/11.1.0/../../../../lib] ==> dir [/usr/lib/gcc/x86_64-pc-linux-gnu/11.1.0/../../../../lib]
    arg [-L/lib/../lib] ==> dir [/lib/../lib]
    arg [-L/usr/lib/../lib] ==> dir [/usr/lib/../lib]
    arg [-L/usr/lib/gcc/x86_64-pc-linux-gnu/11.1.0/../../..] ==> dir [/usr/lib/gcc/x86_64-pc-linux-gnu/11.1.0/../../..]
    arg [CMakeFiles/cmTC_14ed8.dir/CMakeCXXCompilerABI.cpp.o] ==> ignore
    arg [-lstdc++] ==> lib [stdc++]
    arg [-lm] ==> lib [m]
    arg [-lgcc_s] ==> lib [gcc_s]
    arg [-lgcc] ==> lib [gcc]
    arg [-lc] ==> lib [c]
    arg [-lgcc_s] ==> lib [gcc_s]
    arg [-lgcc] ==> lib [gcc]
    arg [/usr/lib/gcc/x86_64-pc-linux-gnu/11.1.0/crtendS.o] ==> obj [/usr/lib/gcc/x86_64-pc-linux-gnu/11.1.0/crtendS.o]
    arg [/usr/lib/gcc/x86_64-pc-linux-gnu/11.1.0/../../../../lib/crtn.o] ==> obj [/usr/lib/gcc/x86_64-pc-linux-gnu/11.1.0/../../../../lib/crtn.o]
  collapse obj [/usr/lib/gcc/x86_64-pc-linux-gnu/11.1.0/../../../../lib/Scrt1.o] ==> [/usr/lib/Scrt1.o]
  collapse obj [/usr/lib/gcc/x86_64-pc-linux-gnu/11.1.0/../../../../lib/crti.o] ==> [/usr/lib/crti.o]
  collapse obj [/usr/lib/gcc/x86_64-pc-linux-gnu/11.1.0/../../../../lib/crtn.o] ==> [/usr/lib/crtn.o]
  collapse library dir [/usr/lib/gcc/x86_64-pc-linux-gnu/11.1.0] ==> [/usr/lib/gcc/x86_64-pc-linux-gnu/11.1.0]
  collapse library dir [/usr/lib/gcc/x86_64-pc-linux-gnu/11.1.0/../../../../lib] ==> [/usr/lib]
  collapse library dir [/lib/../lib] ==> [/lib]
  collapse library dir [/usr/lib/../lib] ==> [/usr/lib]
  collapse library dir [/usr/lib/gcc/x86_64-pc-linux-gnu/11.1.0/../../..] ==> [/usr/lib]
  implicit libs: [stdc++;m;gcc_s;gcc;c;gcc_s;gcc]
  implicit objs: [/usr/lib/Scrt1.o;/usr/lib/crti.o;/usr/lib/gcc/x86_64-pc-linux-gnu/11.1.0/crtbeginS.o;/usr/lib/gcc/x86_64-pc-linux-gnu/11.1.0/crtendS.o;/usr/lib/crtn.o]
  implicit dirs: [/usr/lib/gcc/x86_64-pc-linux-gnu/11.1.0;/usr/lib;/lib]
  implicit fwks: []


Determining if the include file pthread.h exists passed with the following output:
Change Dir: /home/user/shared_data/geant4ScintSim/sim/CMakeFiles/CMakeTmp

Run Build Command(s):/usr/sbin/make -f Makefile cmTC_8e2d6/fast && /usr/sbin/make  -f CMakeFiles/cmTC_8e2d6.dir/build.make CMakeFiles/cmTC_8e2d6.dir/build
make[1]: Entering directory '/home/user/shared_data/geant4ScintSim/sim/CMakeFiles/CMakeTmp'
Building C object CMakeFiles/cmTC_8e2d6.dir/CheckIncludeFile.c.o
/usr/sbin/cc    -o CMakeFiles/cmTC_8e2d6.dir/CheckIncludeFile.c.o -c /home/user/shared_data/geant4ScintSim/sim/CMakeFiles/CMakeTmp/CheckIncludeFile.c
Linking C executable cmTC_8e2d6
/usr/bin/cmake -E cmake_link_script CMakeFiles/cmTC_8e2d6.dir/link.txt --verbose=1
/usr/sbin/cc CMakeFiles/cmTC_8e2d6.dir/CheckIncludeFile.c.o -o cmTC_8e2d6 
make[1]: Leaving directory '/home/user/shared_data/geant4ScintSim/sim/CMakeFiles/CMakeTmp'



Determining if the function XOpenDisplay exists in the /usr/lib/libX11.so;/usr/lib/libXext.so passed with the following output:
Change Dir: /home/user/shared_data/geant4ScintSim/sim/CMakeFiles/CMakeTmp

Run Build Command(s):/usr/sbin/make -f Makefile cmTC_da4cb/fast && /usr/sbin/make  -f CMakeFiles/cmTC_da4cb.dir/build.make CMakeFiles/cmTC_da4cb.dir/build
make[1]: Entering directory '/home/user/shared_data/geant4ScintSim/sim/CMakeFiles/CMakeTmp'
Building C object CMakeFiles/cmTC_da4cb.dir/CheckFunctionExists.c.o
/usr/sbin/cc   -DCHECK_FUNCTION_EXISTS=XOpenDisplay -o CMakeFiles/cmTC_da4cb.dir/CheckFunctionExists.c.o -c /usr/share/cmake/Modules/CheckFunctionExists.c
Linking C executable cmTC_da4cb
/usr/bin/cmake -E cmake_link_script CMakeFiles/cmTC_da4cb.dir/link.txt --verbose=1
/usr/sbin/cc  -DCHECK_FUNCTION_EXISTS=XOpenDisplay CMakeFiles/cmTC_da4cb.dir/CheckFunctionExists.c.o -o cmTC_da4cb  /usr/lib/libX11.so /usr/lib/libXext.so 
make[1]: Leaving directory '/home/user/shared_data/geant4ScintSim/sim/CMakeFiles/CMakeTmp'



Determining if the function gethostbyname exists passed with the following output:
Change Dir: /home/user/shared_data/geant4ScintSim/sim/CMakeFiles/CMakeTmp

Run Build Command(s):/usr/sbin/make -f Makefile cmTC_c7d3e/fast && /usr/sbin/make  -f CMakeFiles/cmTC_c7d3e.dir/build.make CMakeFiles/cmTC_c7d3e.dir/build
make[1]: Entering directory '/home/user/shared_data/geant4ScintSim/sim/CMakeFiles/CMakeTmp'
Building C object CMakeFiles/cmTC_c7d3e.dir/CheckFunctionExists.c.o
/usr/sbin/cc   -DCHECK_FUNCTION_EXISTS=gethostbyname -o CMakeFiles/cmTC_c7d3e.dir/CheckFunctionExists.c.o -c /usr/share/cmake/Modules/CheckFunctionExists.c
Linking C executable cmTC_c7d3e
/usr/bin/cmake -E cmake_link_script CMakeFiles/cmTC_c7d3e.dir/link.txt --verbose=1
/usr/sbin/cc  -DCHECK_FUNCTION_EXISTS=gethostbyname CMakeFiles/cmTC_c7d3e.dir/CheckFunctionExists.c.o -o cmTC_c7d3e 
make[1]: Leaving directory '/home/user/shared_data/geant4ScintSim/sim/CMakeFiles/CMakeTmp'



Determining if the function connect exists passed with the following output:
Change Dir: /home/user/shared_data/geant4ScintSim/sim/CMakeFiles/CMakeTmp

Run Build Command(s):/usr/sbin/make -f Makefile cmTC_5b900/fast && /usr/sbin/make  -f CMakeFiles/cmTC_5b900.dir/build.make CMakeFiles/cmTC_5b900.dir/build
make[1]: Entering directory '/home/user/shared_data/geant4ScintSim/sim/CMakeFiles/CMakeTmp'
Building C object CMakeFiles/cmTC_5b900.dir/CheckFunctionExists.c.o
/usr/sbin/cc   -DCHECK_FUNCTION_EXISTS=connect -o CMakeFiles/cmTC_5b900.dir/CheckFunctionExists.c.o -c /usr/share/cmake/Modules/CheckFunctionExists.c
Linking C executable cmTC_5b900
/usr/bin/cmake -E cmake_link_script CMakeFiles/cmTC_5b900.dir/link.txt --verbose=1
/usr/sbin/cc  -DCHECK_FUNCTION_EXISTS=connect CMakeFiles/cmTC_5b900.dir/CheckFunctionExists.c.o -o cmTC_5b900 
make[1]: Leaving directory '/home/user/shared_data/geant4ScintSim/sim/CMakeFiles/CMakeTmp'



Determining if the function remove exists passed with the following output:
Change Dir: /home/user/shared_data/geant4ScintSim/sim/CMakeFiles/CMakeTmp

Run Build Command(s):/usr/sbin/make -f Makefile cmTC_0488e/fast && /usr/sbin/make  -f CMakeFiles/cmTC_0488e.dir/build.make CMakeFiles/cmTC_0488e.dir/build
make[1]: Entering directory '/home/user/shared_data/geant4ScintSim/sim/CMakeFiles/CMakeTmp'
Building C object CMakeFiles/cmTC_0488e.dir/CheckFunctionExists.c.o
/usr/sbin/cc   -DCHECK_FUNCTION_EXISTS=remove -o CMakeFiles/cmTC_0488e.dir/CheckFunctionExists.c.o -c /usr/share/cmake/Modules/CheckFunctionExists.c
Linking C executable cmTC_0488e
/usr/bin/cmake -E cmake_link_script CMakeFiles/cmTC_0488e.dir/link.txt --verbose=1
/usr/sbin/cc  -DCHECK_FUNCTION_EXISTS=remove CMakeFiles/cmTC_0488e.dir/CheckFunctionExists.c.o -o cmTC_0488e 
make[1]: Leaving directory '/home/user/shared_data/geant4ScintSim/sim/CMakeFiles/CMakeTmp'



Determining if the function shmat exists passed with the following output:
Change Dir: /home/user/shared_data/geant4ScintSim/sim/CMakeFiles/CMakeTmp

Run Build Command(s):/usr/sbin/make -f Makefile cmTC_e7569/fast && /usr/sbin/make  -f CMakeFiles/cmTC_e7569.dir/build.make CMakeFiles/cmTC_e7569.dir/build
make[1]: Entering directory '/home/user/shared_data/geant4ScintSim/sim/CMakeFiles/CMakeTmp'
Building C object CMakeFiles/cmTC_e7569.dir/CheckFunctionExists.c.o
/usr/sbin/cc   -DCHECK_FUNCTION_EXISTS=shmat -o CMakeFiles/cmTC_e7569.dir/CheckFunctionExists.c.o -c /usr/share/cmake/Modules/CheckFunctionExists.c
Linking C executable cmTC_e7569
/usr/bin/cmake -E cmake_link_script CMakeFiles/cmTC_e7569.dir/link.txt --verbose=1
/usr/sbin/cc  -DCHECK_FUNCTION_EXISTS=shmat CMakeFiles/cmTC_e7569.dir/CheckFunctionExists.c.o -o cmTC_e7569 
make[1]: Leaving directory '/home/user/shared_data/geant4ScintSim/sim/CMakeFiles/CMakeTmp'



Determining if the function IceConnectionNumber exists in the ICE passed with the following output:
Change Dir: /home/user/shared_data/geant4ScintSim/sim/CMakeFiles/CMakeTmp

Run Build Command(s):/usr/sbin/make -f Makefile cmTC_77ace/fast && /usr/sbin/make  -f CMakeFiles/cmTC_77ace.dir/build.make CMakeFiles/cmTC_77ace.dir/build
make[1]: Entering directory '/home/user/shared_data/geant4ScintSim/sim/CMakeFiles/CMakeTmp'
Building C object CMakeFiles/cmTC_77ace.dir/CheckFunctionExists.c.o
/usr/sbin/cc   -DCHECK_FUNCTION_EXISTS=IceConnectionNumber -o CMakeFiles/cmTC_77ace.dir/CheckFunctionExists.c.o -c /usr/share/cmake/Modules/CheckFunctionExists.c
Linking C executable cmTC_77ace
/usr/bin/cmake -E cmake_link_script CMakeFiles/cmTC_77ace.dir/link.txt --verbose=1
/usr/sbin/cc  -DCHECK_FUNCTION_EXISTS=IceConnectionNumber CMakeFiles/cmTC_77ace.dir/CheckFunctionExists.c.o -o cmTC_77ace  -lICE 
make[1]: Leaving directory '/home/user/shared_data/geant4ScintSim/sim/CMakeFiles/CMakeTmp'



